<?xml version="1.0" encoding="UTF-8" ?>
<testsuite tests="1" failures="0" name="com.mscheduler.controller.UserControllerTest" time="0.906" errors="1" skipped="0">
  <properties>
[...]
</properties>
  <testcase classname="com.mscheduler.controller.UserControllerTest" name="testListUserAll" time="0.672">
    <error message="-10" type="java.lang.ArrayIndexOutOfBoundsException">java.lang.ArrayIndexOutOfBoundsException: -10
	at com.mscheduler.Utilities.getPage(Utilities.java:32)
	at com.mscheduler.controller.UserController.listUserAll(UserController.java:109)
	at com.mscheduler.controller.UserControllerTest.testListUserAll(UserControllerTest.java:60)
	at sun.reflect.NativeMethodAccessorImpl.invoke0(Native Method)
	at sun.reflect.NativeMethodAccessorImpl.invoke(NativeMethodAccessorImpl.java:62)
	at sun.reflect.DelegatingMethodAccessorImpl.invoke(DelegatingMethodAccessorImpl.java:43)
	at java.lang.reflect.Method.invoke(Method.java:498)
	at org.junit.runners.model.FrameworkMethod$1.runReflectiveCall(FrameworkMethod.java:50)
	at org.junit.internal.runners.model.ReflectiveCallable.run(ReflectiveCallable.java:12)
	at org.junit.runners.model.FrameworkMethod.invokeExplosively(FrameworkMethod.java:47)
	at org.junit.internal.runners.statements.InvokeMethod.evaluate(InvokeMethod.java:17)
	at org.junit.internal.runners.statements.RunBefores.evaluate(RunBefores.java:26)
	at org.junit.internal.runners.statements.RunAfters.evaluate(RunAfters.java:27)
	at org.junit.runners.ParentRunner.runLeaf(ParentRunner.java:325)
	at org.junit.runners.BlockJUnit4ClassRunner.runChild(BlockJUnit4ClassRunner.java:78)
	at org.junit.runners.BlockJUnit4ClassRunner.runChild(BlockJUnit4ClassRunner.java:57)
	at org.junit.runners.ParentRunner$3.run(ParentRunner.java:290)
	at org.junit.runners.ParentRunner$1.schedule(ParentRunner.java:71)
	at org.junit.runners.ParentRunner.runChildren(ParentRunner.java:288)
	at org.junit.runners.ParentRunner.access$000(ParentRunner.java:58)
	at org.junit.runners.ParentRunner$2.evaluate(ParentRunner.java:268)
	at org.junit.internal.runners.statements.RunBefores.evaluate(RunBefores.java:26)
	at org.junit.internal.runners.statements.RunAfters.evaluate(RunAfters.java:27)
	at org.junit.runners.ParentRunner.run(ParentRunner.java:363)
	at org.apache.maven.surefire.junit4.JUnit4TestSet.execute(JUnit4TestSet.java:53)
	at org.apache.maven.surefire.junit4.JUnit4Provider.executeTestSet(JUnit4Provider.java:123)
	at org.apache.maven.surefire.junit4.JUnit4Provider.invoke(JUnit4Provider.java:104)
	at sun.reflect.NativeMethodAccessorImpl.invoke0(Native Method)
	at sun.reflect.NativeMethodAccessorImpl.invoke(NativeMethodAccessorImpl.java:62)
	at sun.reflect.DelegatingMethodAccessorImpl.invoke(DelegatingMethodAccessorImpl.java:43)
	at java.lang.reflect.Method.invoke(Method.java:498)
	at org.apache.maven.surefire.util.ReflectionUtils.invokeMethodWithArray(ReflectionUtils.java:164)
	at org.apache.maven.surefire.booter.ProviderFactory$ProviderProxy.invoke(ProviderFactory.java:110)
	at org.apache.maven.surefire.booter.SurefireStarter.invokeProvider(SurefireStarter.java:175)
	at org.apache.maven.surefire.booter.SurefireStarter.runSuitesInProcessWhenForked(SurefireStarter.java:107)
	at org.apache.maven.surefire.booter.ForkedBooter.main(ForkedBooter.java:68)
</error>
    <system-out>listUserAll
[com.mscheduler.model.User@80503, com.mscheduler.model.User@4b553d26, com.mscheduler.model.User@69a3d1d, com.mscheduler.model.User@86be70a, com.mscheduler.model.User@480bdb19, com.mscheduler.model.User@2a556333, com.mscheduler.model.User@7d70d1b1, com.mscheduler.model.User@2a742aa2, com.mscheduler.model.User@3cb1ffe6, com.mscheduler.model.User@3dfc5fb8, com.mscheduler.model.User@467aecef, com.mscheduler.model.User@4d50efb8, com.mscheduler.model.User@7e2d773b, com.mscheduler.model.User@2173f6d9, com.mscheduler.model.User@307f6b8c, com.mscheduler.model.User@7a187f14, com.mscheduler.model.User@6f195bc3, com.mscheduler.model.User@51e2adc7, com.mscheduler.model.User@1a8a8f7c, com.mscheduler.model.User@2353b3e6, com.mscheduler.model.User@631330c, com.mscheduler.model.User@42f93a98, com.mscheduler.model.User@c46bcd4, com.mscheduler.model.User@3234e239, com.mscheduler.model.User@3d921e20]
</system-out>
  </testcase>
</testsuite>